0 info it worked if it ends with ok
1 verbose cli [ 'C:\\Program Files\\nodejs\\node.exe',
1 verbose cli   'C:\\Program Files\\nodejs\\node_modules\\npm\\bin\\npm-cli.js',
1 verbose cli   'install',
1 verbose cli   'onoff',
1 verbose cli   '--save' ]
2 info using npm@3.10.10
3 info using node@v6.10.0
4 silly loadCurrentTree Starting
5 silly install loadCurrentTree
6 silly install readLocalPackageData
7 silly fetchPackageMetaData onoff
8 silly fetchNamedPackageData onoff
9 silly mapToRegistry name onoff
10 silly mapToRegistry using default registry
11 silly mapToRegistry registry https://registry.npmjs.org/
12 silly mapToRegistry data Result {
12 silly mapToRegistry   raw: 'onoff',
12 silly mapToRegistry   scope: null,
12 silly mapToRegistry   escapedName: 'onoff',
12 silly mapToRegistry   name: 'onoff',
12 silly mapToRegistry   rawSpec: '',
12 silly mapToRegistry   spec: 'latest',
12 silly mapToRegistry   type: 'tag' }
13 silly mapToRegistry uri https://registry.npmjs.org/onoff
14 verbose request uri https://registry.npmjs.org/onoff
15 verbose request no auth needed
16 info attempt registry request try #1 at 11:17:00 AM
17 verbose request id 7a328a1cccde79d0
18 verbose etag "5a68bdc2-cc1f"
19 verbose lastModified Wed, 24 Jan 2018 17:09:22 GMT
20 http request GET https://registry.npmjs.org/onoff
21 http 304 https://registry.npmjs.org/onoff
22 verbose headers { date: 'Wed, 31 Jan 2018 16:17:00 GMT',
22 verbose headers   via: '1.1 varnish',
22 verbose headers   'cache-control': 'max-age=300',
22 verbose headers   etag: '"5a68bdc2-cc1f"',
22 verbose headers   age: '67',
22 verbose headers   connection: 'keep-alive',
22 verbose headers   'x-served-by': 'cache-mdw17336-MDW',
22 verbose headers   'x-cache': 'HIT',
22 verbose headers   'x-cache-hits': '1',
22 verbose headers   'x-timer': 'S1517415420.081323,VS0,VE1',
22 verbose headers   vary: 'Accept-Encoding, Accept' }
23 silly get cb [ 304,
23 silly get   { date: 'Wed, 31 Jan 2018 16:17:00 GMT',
23 silly get     via: '1.1 varnish',
23 silly get     'cache-control': 'max-age=300',
23 silly get     etag: '"5a68bdc2-cc1f"',
23 silly get     age: '67',
23 silly get     connection: 'keep-alive',
23 silly get     'x-served-by': 'cache-mdw17336-MDW',
23 silly get     'x-cache': 'HIT',
23 silly get     'x-cache-hits': '1',
23 silly get     'x-timer': 'S1517415420.081323,VS0,VE1',
23 silly get     vary: 'Accept-Encoding, Accept' } ]
24 verbose etag https://registry.npmjs.org/onoff from cache
25 verbose get saving onoff to C:\Users\hansa\AppData\Roaming\npm-cache\registry.npmjs.org\onoff\.cache.json
26 verbose correctMkdir C:\Users\hansa\AppData\Roaming\npm-cache correctMkdir not in flight; initializing
27 silly install normalizeTree
28 silly loadCurrentTree Finishing
29 silly loadIdealTree Starting
30 silly install loadIdealTree
31 silly cloneCurrentTree Starting
32 silly install cloneCurrentTreeToIdealTree
33 silly cloneCurrentTree Finishing
34 silly loadShrinkwrap Starting
35 silly install loadShrinkwrap
36 silly loadShrinkwrap Finishing
37 silly loadAllDepsIntoIdealTree Starting
38 silly install loadAllDepsIntoIdealTree
39 silly resolveWithNewModule onoff@1.1.9 checking installable status
40 silly cache add args [ 'onoff', null ]
41 verbose cache add spec onoff
42 silly cache add parsed spec Result {
42 silly cache add   raw: 'onoff',
42 silly cache add   scope: null,
42 silly cache add   escapedName: 'onoff',
42 silly cache add   name: 'onoff',
42 silly cache add   rawSpec: '',
42 silly cache add   spec: 'latest',
42 silly cache add   type: 'tag' }
43 silly addNamed onoff@latest
44 verbose addNamed "latest" is being treated as a dist-tag for onoff
45 info addNameTag [ 'onoff', 'latest' ]
46 silly mapToRegistry name onoff
47 silly mapToRegistry using default registry
48 silly mapToRegistry registry https://registry.npmjs.org/
49 silly mapToRegistry data Result {
49 silly mapToRegistry   raw: 'onoff',
49 silly mapToRegistry   scope: null,
49 silly mapToRegistry   escapedName: 'onoff',
49 silly mapToRegistry   name: 'onoff',
49 silly mapToRegistry   rawSpec: '',
49 silly mapToRegistry   spec: 'latest',
49 silly mapToRegistry   type: 'tag' }
50 silly mapToRegistry uri https://registry.npmjs.org/onoff
51 verbose addNameTag registry:https://registry.npmjs.org/onoff not in flight; fetching
52 verbose get https://registry.npmjs.org/onoff not expired, no request
53 silly addNameTag next cb for onoff with tag latest
54 silly addNamed onoff@1.1.9
55 verbose addNamed "1.1.9" is a plain semver version for onoff
56 silly cache afterAdd onoff@1.1.9
57 verbose afterAdd C:\Users\hansa\AppData\Roaming\npm-cache\onoff\1.1.9\package\package.json not in flight; writing
58 verbose correctMkdir C:\Users\hansa\AppData\Roaming\npm-cache correctMkdir not in flight; initializing
59 verbose afterAdd C:\Users\hansa\AppData\Roaming\npm-cache\onoff\1.1.9\package\package.json written
60 silly fetchNamedPackageData epoll
61 silly mapToRegistry name epoll
62 silly mapToRegistry using default registry
63 silly mapToRegistry registry https://registry.npmjs.org/
64 silly mapToRegistry data Result {
64 silly mapToRegistry   raw: 'epoll',
64 silly mapToRegistry   scope: null,
64 silly mapToRegistry   escapedName: 'epoll',
64 silly mapToRegistry   name: 'epoll',
64 silly mapToRegistry   rawSpec: '',
64 silly mapToRegistry   spec: 'latest',
64 silly mapToRegistry   type: 'tag' }
65 silly mapToRegistry uri https://registry.npmjs.org/epoll
66 verbose request uri https://registry.npmjs.org/epoll
67 verbose request no auth needed
68 info attempt registry request try #1 at 11:17:00 AM
69 verbose etag "5a4115e3-b4e0"
70 verbose lastModified Mon, 25 Dec 2017 15:14:43 GMT
71 http request GET https://registry.npmjs.org/epoll
72 http 304 https://registry.npmjs.org/epoll
73 verbose headers { date: 'Wed, 31 Jan 2018 16:17:00 GMT',
73 verbose headers   via: '1.1 varnish',
73 verbose headers   'cache-control': 'max-age=300',
73 verbose headers   etag: '"5a4115e3-b4e0"',
73 verbose headers   age: '66',
73 verbose headers   connection: 'keep-alive',
73 verbose headers   'x-served-by': 'cache-mdw17336-MDW',
73 verbose headers   'x-cache': 'HIT',
73 verbose headers   'x-cache-hits': '1',
73 verbose headers   'x-timer': 'S1517415420.276847,VS0,VE0',
73 verbose headers   vary: 'Accept-Encoding, Accept' }
74 silly get cb [ 304,
74 silly get   { date: 'Wed, 31 Jan 2018 16:17:00 GMT',
74 silly get     via: '1.1 varnish',
74 silly get     'cache-control': 'max-age=300',
74 silly get     etag: '"5a4115e3-b4e0"',
74 silly get     age: '66',
74 silly get     connection: 'keep-alive',
74 silly get     'x-served-by': 'cache-mdw17336-MDW',
74 silly get     'x-cache': 'HIT',
74 silly get     'x-cache-hits': '1',
74 silly get     'x-timer': 'S1517415420.276847,VS0,VE0',
74 silly get     vary: 'Accept-Encoding, Accept' } ]
75 verbose etag https://registry.npmjs.org/epoll from cache
76 verbose get saving epoll to C:\Users\hansa\AppData\Roaming\npm-cache\registry.npmjs.org\epoll\.cache.json
77 verbose correctMkdir C:\Users\hansa\AppData\Roaming\npm-cache correctMkdir not in flight; initializing
78 silly resolveWithNewModule epoll@1.0.2 checking installable status
79 silly cache add args [ 'epoll@~1.0.2', null ]
80 verbose cache add spec epoll@~1.0.2
81 silly cache add parsed spec Result {
81 silly cache add   raw: 'epoll@~1.0.2',
81 silly cache add   scope: null,
81 silly cache add   escapedName: 'epoll',
81 silly cache add   name: 'epoll',
81 silly cache add   rawSpec: '~1.0.2',
81 silly cache add   spec: '>=1.0.2 <1.1.0',
81 silly cache add   type: 'range' }
82 silly addNamed epoll@>=1.0.2 <1.1.0
83 verbose addNamed ">=1.0.2 <1.1.0" is a valid semver range for epoll
84 silly addNameRange { name: 'epoll', range: '>=1.0.2 <1.1.0', hasData: false }
85 silly mapToRegistry name epoll
86 silly mapToRegistry using default registry
87 silly mapToRegistry registry https://registry.npmjs.org/
88 silly mapToRegistry data Result {
88 silly mapToRegistry   raw: 'epoll',
88 silly mapToRegistry   scope: null,
88 silly mapToRegistry   escapedName: 'epoll',
88 silly mapToRegistry   name: 'epoll',
88 silly mapToRegistry   rawSpec: '',
88 silly mapToRegistry   spec: 'latest',
88 silly mapToRegistry   type: 'tag' }
89 silly mapToRegistry uri https://registry.npmjs.org/epoll
90 verbose addNameRange registry:https://registry.npmjs.org/epoll not in flight; fetching
91 verbose get https://registry.npmjs.org/epoll not expired, no request
92 silly addNameRange number 2 { name: 'epoll', range: '>=1.0.2 <1.1.0', hasData: true }
93 silly addNameRange versions [ 'epoll',
93 silly addNameRange   [ '0.0.1',
93 silly addNameRange     '0.0.2',
93 silly addNameRange     '0.0.3',
93 silly addNameRange     '0.0.4',
93 silly addNameRange     '0.0.5',
93 silly addNameRange     '0.0.6',
93 silly addNameRange     '0.0.7',
93 silly addNameRange     '0.0.8',
93 silly addNameRange     '0.1.0',
93 silly addNameRange     '0.1.1',
93 silly addNameRange     '0.1.2',
93 silly addNameRange     '0.1.3',
93 silly addNameRange     '0.1.4',
93 silly addNameRange     '0.1.5',
93 silly addNameRange     '0.1.7',
93 silly addNameRange     '0.1.8',
93 silly addNameRange     '0.1.9',
93 silly addNameRange     '0.1.10',
93 silly addNameRange     '0.1.11',
93 silly addNameRange     '0.1.12',
93 silly addNameRange     '0.1.13',
93 silly addNameRange     '0.1.14',
93 silly addNameRange     '0.1.15',
93 silly addNameRange     '0.1.16',
93 silly addNameRange     '0.1.17',
93 silly addNameRange     '0.1.18',
93 silly addNameRange     '0.1.19',
93 silly addNameRange     '0.1.20',
93 silly addNameRange     '0.1.21',
93 silly addNameRange     '0.1.22',
93 silly addNameRange     '1.0.0',
93 silly addNameRange     '1.0.1',
93 silly addNameRange     '1.0.2' ] ]
94 silly addNamed epoll@1.0.2
95 verbose addNamed "1.0.2" is a plain semver version for epoll
96 silly cache afterAdd epoll@1.0.2
97 verbose afterAdd C:\Users\hansa\AppData\Roaming\npm-cache\epoll\1.0.2\package\package.json not in flight; writing
98 verbose correctMkdir C:\Users\hansa\AppData\Roaming\npm-cache correctMkdir not in flight; initializing
99 verbose afterAdd C:\Users\hansa\AppData\Roaming\npm-cache\epoll\1.0.2\package\package.json written
100 silly fetchNamedPackageData bindings
101 silly mapToRegistry name bindings
102 silly mapToRegistry using default registry
103 silly mapToRegistry registry https://registry.npmjs.org/
104 silly mapToRegistry data Result {
104 silly mapToRegistry   raw: 'bindings',
104 silly mapToRegistry   scope: null,
104 silly mapToRegistry   escapedName: 'bindings',
104 silly mapToRegistry   name: 'bindings',
104 silly mapToRegistry   rawSpec: '',
104 silly mapToRegistry   spec: 'latest',
104 silly mapToRegistry   type: 'tag' }
105 silly mapToRegistry uri https://registry.npmjs.org/bindings
106 silly fetchNamedPackageData nan
107 silly mapToRegistry name nan
108 silly mapToRegistry using default registry
109 silly mapToRegistry registry https://registry.npmjs.org/
110 silly mapToRegistry data Result {
110 silly mapToRegistry   raw: 'nan',
110 silly mapToRegistry   scope: null,
110 silly mapToRegistry   escapedName: 'nan',
110 silly mapToRegistry   name: 'nan',
110 silly mapToRegistry   rawSpec: '',
110 silly mapToRegistry   spec: 'latest',
110 silly mapToRegistry   type: 'tag' }
111 silly mapToRegistry uri https://registry.npmjs.org/nan
112 verbose request uri https://registry.npmjs.org/bindings
113 verbose request no auth needed
114 info attempt registry request try #1 at 11:17:00 AM
115 verbose etag "5a700cb7-4c53"
116 verbose lastModified Tue, 30 Jan 2018 6:12:07 GMT
117 http request GET https://registry.npmjs.org/bindings
118 verbose request uri https://registry.npmjs.org/nan
119 verbose request no auth needed
120 info attempt registry request try #1 at 11:17:00 AM
121 verbose etag "5a3ad7f1-20c2f"
122 verbose lastModified Wed, 20 Dec 2017 21:36:49 GMT
123 http request GET https://registry.npmjs.org/nan
124 http 304 https://registry.npmjs.org/bindings
125 verbose headers { date: 'Wed, 31 Jan 2018 16:17:00 GMT',
125 verbose headers   via: '1.1 varnish',
125 verbose headers   'cache-control': 'max-age=300',
125 verbose headers   etag: '"5a700cb7-4c53"',
125 verbose headers   age: '7226',
125 verbose headers   connection: 'keep-alive',
125 verbose headers   'x-served-by': 'cache-mdw17336-MDW',
125 verbose headers   'x-cache': 'HIT',
125 verbose headers   'x-cache-hits': '54',
125 verbose headers   'x-timer': 'S1517415420.340652,VS0,VE0',
125 verbose headers   vary: 'Accept-Encoding, Accept' }
126 silly get cb [ 304,
126 silly get   { date: 'Wed, 31 Jan 2018 16:17:00 GMT',
126 silly get     via: '1.1 varnish',
126 silly get     'cache-control': 'max-age=300',
126 silly get     etag: '"5a700cb7-4c53"',
126 silly get     age: '7226',
126 silly get     connection: 'keep-alive',
126 silly get     'x-served-by': 'cache-mdw17336-MDW',
126 silly get     'x-cache': 'HIT',
126 silly get     'x-cache-hits': '54',
126 silly get     'x-timer': 'S1517415420.340652,VS0,VE0',
126 silly get     vary: 'Accept-Encoding, Accept' } ]
127 verbose etag https://registry.npmjs.org/bindings from cache
128 verbose get saving bindings to C:\Users\hansa\AppData\Roaming\npm-cache\registry.npmjs.org\bindings\.cache.json
129 verbose correctMkdir C:\Users\hansa\AppData\Roaming\npm-cache correctMkdir not in flight; initializing
130 silly resolveWithNewModule bindings@1.3.0 checking installable status
131 silly cache add args [ 'bindings@~1.3.0', null ]
132 verbose cache add spec bindings@~1.3.0
133 silly cache add parsed spec Result {
133 silly cache add   raw: 'bindings@~1.3.0',
133 silly cache add   scope: null,
133 silly cache add   escapedName: 'bindings',
133 silly cache add   name: 'bindings',
133 silly cache add   rawSpec: '~1.3.0',
133 silly cache add   spec: '>=1.3.0 <1.4.0',
133 silly cache add   type: 'range' }
134 silly addNamed bindings@>=1.3.0 <1.4.0
135 verbose addNamed ">=1.3.0 <1.4.0" is a valid semver range for bindings
136 silly addNameRange { name: 'bindings', range: '>=1.3.0 <1.4.0', hasData: false }
137 silly mapToRegistry name bindings
138 silly mapToRegistry using default registry
139 silly mapToRegistry registry https://registry.npmjs.org/
140 silly mapToRegistry data Result {
140 silly mapToRegistry   raw: 'bindings',
140 silly mapToRegistry   scope: null,
140 silly mapToRegistry   escapedName: 'bindings',
140 silly mapToRegistry   name: 'bindings',
140 silly mapToRegistry   rawSpec: '',
140 silly mapToRegistry   spec: 'latest',
140 silly mapToRegistry   type: 'tag' }
141 silly mapToRegistry uri https://registry.npmjs.org/bindings
142 verbose addNameRange registry:https://registry.npmjs.org/bindings not in flight; fetching
143 verbose get https://registry.npmjs.org/bindings not expired, no request
144 silly addNameRange number 2 { name: 'bindings', range: '>=1.3.0 <1.4.0', hasData: true }
145 silly addNameRange versions [ 'bindings',
145 silly addNameRange   [ '0.0.1',
145 silly addNameRange     '0.1.0',
145 silly addNameRange     '0.1.1',
145 silly addNameRange     '0.2.0',
145 silly addNameRange     '0.2.1',
145 silly addNameRange     '0.2.2',
145 silly addNameRange     '0.2.3',
145 silly addNameRange     '0.2.4',
145 silly addNameRange     '0.3.0',
145 silly addNameRange     '0.4.0',
145 silly addNameRange     '1.0.0',
145 silly addNameRange     '1.1.0',
145 silly addNameRange     '1.1.1',
145 silly addNameRange     '1.2.0',
145 silly addNameRange     '1.2.1',
145 silly addNameRange     '1.3.0' ] ]
146 silly addNamed bindings@1.3.0
147 verbose addNamed "1.3.0" is a plain semver version for bindings
148 silly cache afterAdd bindings@1.3.0
149 verbose afterAdd C:\Users\hansa\AppData\Roaming\npm-cache\bindings\1.3.0\package\package.json not in flight; writing
150 verbose correctMkdir C:\Users\hansa\AppData\Roaming\npm-cache correctMkdir not in flight; initializing
151 verbose afterAdd C:\Users\hansa\AppData\Roaming\npm-cache\bindings\1.3.0\package\package.json written
152 http 304 https://registry.npmjs.org/nan
153 verbose headers { date: 'Wed, 31 Jan 2018 16:17:00 GMT',
153 verbose headers   via: '1.1 varnish',
153 verbose headers   'cache-control': 'max-age=300',
153 verbose headers   etag: '"5a3ad7f1-20c2f"',
153 verbose headers   age: '7540',
153 verbose headers   connection: 'keep-alive',
153 verbose headers   'x-served-by': 'cache-mdw17327-MDW',
153 verbose headers   'x-cache': 'HIT',
153 verbose headers   'x-cache-hits': '121',
153 verbose headers   'x-timer': 'S1517415420.386446,VS0,VE0',
153 verbose headers   vary: 'Accept-Encoding, Accept' }
154 silly get cb [ 304,
154 silly get   { date: 'Wed, 31 Jan 2018 16:17:00 GMT',
154 silly get     via: '1.1 varnish',
154 silly get     'cache-control': 'max-age=300',
154 silly get     etag: '"5a3ad7f1-20c2f"',
154 silly get     age: '7540',
154 silly get     connection: 'keep-alive',
154 silly get     'x-served-by': 'cache-mdw17327-MDW',
154 silly get     'x-cache': 'HIT',
154 silly get     'x-cache-hits': '121',
154 silly get     'x-timer': 'S1517415420.386446,VS0,VE0',
154 silly get     vary: 'Accept-Encoding, Accept' } ]
155 verbose etag https://registry.npmjs.org/nan from cache
156 verbose get saving nan to C:\Users\hansa\AppData\Roaming\npm-cache\registry.npmjs.org\nan\.cache.json
157 verbose correctMkdir C:\Users\hansa\AppData\Roaming\npm-cache correctMkdir not in flight; initializing
158 silly resolveWithNewModule nan@2.8.0 checking installable status
159 silly cache add args [ 'nan@~2.8.0', null ]
160 verbose cache add spec nan@~2.8.0
161 silly cache add parsed spec Result {
161 silly cache add   raw: 'nan@~2.8.0',
161 silly cache add   scope: null,
161 silly cache add   escapedName: 'nan',
161 silly cache add   name: 'nan',
161 silly cache add   rawSpec: '~2.8.0',
161 silly cache add   spec: '>=2.8.0 <2.9.0',
161 silly cache add   type: 'range' }
162 silly addNamed nan@>=2.8.0 <2.9.0
163 verbose addNamed ">=2.8.0 <2.9.0" is a valid semver range for nan
164 silly addNameRange { name: 'nan', range: '>=2.8.0 <2.9.0', hasData: false }
165 silly mapToRegistry name nan
166 silly mapToRegistry using default registry
167 silly mapToRegistry registry https://registry.npmjs.org/
168 silly mapToRegistry data Result {
168 silly mapToRegistry   raw: 'nan',
168 silly mapToRegistry   scope: null,
168 silly mapToRegistry   escapedName: 'nan',
168 silly mapToRegistry   name: 'nan',
168 silly mapToRegistry   rawSpec: '',
168 silly mapToRegistry   spec: 'latest',
168 silly mapToRegistry   type: 'tag' }
169 silly mapToRegistry uri https://registry.npmjs.org/nan
170 verbose addNameRange registry:https://registry.npmjs.org/nan not in flight; fetching
171 verbose get https://registry.npmjs.org/nan not expired, no request
172 silly addNameRange number 2 { name: 'nan', range: '>=2.8.0 <2.9.0', hasData: true }
173 silly addNameRange versions [ 'nan',
173 silly addNameRange   [ '0.3.0-wip',
173 silly addNameRange     '0.3.0-wip2',
173 silly addNameRange     '0.3.0',
173 silly addNameRange     '0.3.1',
173 silly addNameRange     '0.3.2',
173 silly addNameRange     '0.4.0',
173 silly addNameRange     '0.4.1',
173 silly addNameRange     '0.4.2',
173 silly addNameRange     '0.4.3',
173 silly addNameRange     '0.4.4',
173 silly addNameRange     '0.5.0',
173 silly addNameRange     '0.5.1',
173 silly addNameRange     '0.5.2',
173 silly addNameRange     '0.6.0',
173 silly addNameRange     '0.7.0',
173 silly addNameRange     '0.7.1',
173 silly addNameRange     '0.8.0',
173 silly addNameRange     '1.0.0',
173 silly addNameRange     '1.1.0',
173 silly addNameRange     '1.1.1',
173 silly addNameRange     '1.1.2',
173 silly addNameRange     '1.2.0',
173 silly addNameRange     '1.3.0',
173 silly addNameRange     '1.4.0',
173 silly addNameRange     '1.4.1',
173 silly addNameRange     '1.5.0',
173 silly addNameRange     '1.4.2',
173 silly addNameRange     '1.4.3',
173 silly addNameRange     '1.5.1',
173 silly addNameRange     '1.5.2',
173 silly addNameRange     '1.6.0',
173 silly addNameRange     '1.5.3',
173 silly addNameRange     '1.6.1',
173 silly addNameRange     '1.6.2',
173 silly addNameRange     '1.7.0',
173 silly addNameRange     '1.8.0',
173 silly addNameRange     '1.8.1',
173 silly addNameRange     '1.8.2',
173 silly addNameRange     '1.8.3',
173 silly addNameRange     '1.8.4',
173 silly addNameRange     '1.9.0',
173 silly addNameRange     '2.0.0',
173 silly addNameRange     '2.0.1',
173 silly addNameRange     '2.0.2',
173 silly addNameRange     '2.0.3',
173 silly addNameRange     '2.0.4',
173 silly addNameRange     '2.0.5',
173 silly addNameRange     '2.0.6',
173 silly addNameRange     '2.0.7',
173 silly addNameRange     '2.0.8',
173 silly addNameRange     '2.0.9',
173 silly addNameRange     '2.1.0',
173 silly addNameRange     '2.2.0',
173 silly addNameRange     '2.2.1',
173 silly addNameRange     '2.3.0',
173 silly addNameRange     '2.3.1',
173 silly addNameRange     '2.3.2',
173 silly addNameRange     '2.3.3',
173 silly addNameRange     '2.3.4',
173 silly addNameRange     '2.3.5',
173 silly addNameRange     '2.4.0',
173 silly addNameRange     '2.5.0',
173 silly addNameRange     '2.5.1',
173 silly addNameRange     '2.6.0',
173 silly addNameRange     '2.6.1',
173 silly addNameRange     '2.6.2',
173 silly addNameRange     '2.7.0',
173 silly addNameRange     '2.8.0' ] ]
174 silly addNamed nan@2.8.0
175 verbose addNamed "2.8.0" is a plain semver version for nan
176 silly cache afterAdd nan@2.8.0
177 verbose afterAdd C:\Users\hansa\AppData\Roaming\npm-cache\nan\2.8.0\package\package.json not in flight; writing
178 verbose correctMkdir C:\Users\hansa\AppData\Roaming\npm-cache correctMkdir not in flight; initializing
179 verbose afterAdd C:\Users\hansa\AppData\Roaming\npm-cache\nan\2.8.0\package\package.json written
180 silly loadAllDepsIntoIdealTree Finishing
181 silly loadIdealTree Finishing
182 silly currentTree pushbutton-bot@0.0.0
182 silly currentTree +-- accepts@1.3.4
182 silly currentTree +-- acorn-globals@1.0.9
182 silly currentTree +-- acorn@2.7.0
182 silly currentTree +-- align-text@0.1.4
182 silly currentTree +-- amdefine@1.0.1
182 silly currentTree +-- array-flatten@1.1.1
182 silly currentTree +-- asap@1.0.0
182 silly currentTree +-- basic-auth@2.0.0
182 silly currentTree +-- body-parser@1.18.2
182 silly currentTree +-- bytes@3.0.0
182 silly currentTree +-- camelcase@1.2.1
182 silly currentTree +-- center-align@0.1.3
182 silly currentTree +-- character-parser@1.2.1
182 silly currentTree +-- clean-css@3.4.28
182 silly currentTree | `-- commander@2.8.1
182 silly currentTree +-- cliui@2.1.0
182 silly currentTree | `-- wordwrap@0.0.2
182 silly currentTree +-- commander@2.6.0
182 silly currentTree +-- constantinople@3.0.2
182 silly currentTree +-- content-disposition@0.5.2
182 silly currentTree +-- content-type@1.0.4
182 silly currentTree +-- cookie-parser@1.4.3
182 silly currentTree +-- cookie-signature@1.0.6
182 silly currentTree +-- cookie@0.3.1
182 silly currentTree +-- cors@2.8.4
182 silly currentTree +-- css-parse@1.0.4
182 silly currentTree +-- css-stringify@1.0.5
182 silly currentTree +-- css@1.0.8
182 silly currentTree +-- debug@2.6.9
182 silly currentTree +-- decamelize@1.2.0
182 silly currentTree +-- depd@1.1.2
182 silly currentTree +-- destroy@1.0.4
182 silly currentTree +-- dotenv@5.0.0
182 silly currentTree +-- ee-first@1.1.1
182 silly currentTree +-- encodeurl@1.0.2
182 silly currentTree +-- escape-html@1.0.3
182 silly currentTree +-- etag@1.8.1
182 silly currentTree +-- express@4.15.5
182 silly currentTree | +-- qs@6.5.0
182 silly currentTree | `-- statuses@1.3.1
182 silly currentTree +-- finalhandler@1.0.6
182 silly currentTree | `-- statuses@1.3.1
182 silly currentTree +-- forwarded@0.1.2
182 silly currentTree +-- fresh@0.5.2
182 silly currentTree +-- graceful-readlink@1.0.1
182 silly currentTree +-- http-errors@1.6.2
182 silly currentTree | `-- depd@1.1.1
182 silly currentTree +-- iconv-lite@0.4.19
182 silly currentTree +-- inherits@2.0.3
182 silly currentTree +-- ipaddr.js@1.4.0
182 silly currentTree +-- is-buffer@1.1.6
182 silly currentTree +-- is-promise@2.1.0
182 silly currentTree +-- jade@1.11.0
182 silly currentTree +-- jstransformer@0.0.2
182 silly currentTree +-- kind-of@3.2.2
182 silly currentTree +-- lazy-cache@1.0.4
182 silly currentTree +-- longest@1.0.1
182 silly currentTree +-- media-typer@0.3.0
182 silly currentTree +-- merge-descriptors@1.0.1
182 silly currentTree +-- methods@1.1.2
182 silly currentTree +-- mime-db@1.30.0
182 silly currentTree +-- mime-types@2.1.17
182 silly currentTree +-- mime@1.3.4
182 silly currentTree +-- minimist@0.0.8
182 silly currentTree +-- mkdirp@0.5.1
182 silly currentTree +-- morgan@1.9.0
182 silly currentTree +-- ms@2.0.0
182 silly currentTree +-- negotiator@0.6.1
182 silly currentTree +-- object-assign@4.1.1
182 silly currentTree +-- on-finished@2.3.0
182 silly currentTree +-- on-headers@1.0.1
182 silly currentTree +-- optimist@0.3.7
182 silly currentTree +-- parseurl@1.3.2
182 silly currentTree +-- path-to-regexp@0.1.7
182 silly currentTree +-- promise@6.1.0
182 silly currentTree +-- proxy-addr@1.1.5
182 silly currentTree +-- qs@6.5.1
182 silly currentTree +-- range-parser@1.2.0
182 silly currentTree +-- raw-body@2.3.2
182 silly currentTree +-- repeat-string@1.6.1
182 silly currentTree +-- right-align@0.1.3
182 silly currentTree +-- safe-buffer@5.1.1
182 silly currentTree +-- send@0.15.6
182 silly currentTree | `-- statuses@1.3.1
182 silly currentTree +-- serve-favicon@2.4.5
182 silly currentTree +-- serve-static@1.12.6
182 silly currentTree +-- setprototypeof@1.0.3
182 silly currentTree +-- source-map@0.4.4
182 silly currentTree +-- statuses@1.4.0
182 silly currentTree +-- transformers@2.1.0
182 silly currentTree | +-- is-promise@1.0.1
182 silly currentTree | +-- promise@2.0.0
182 silly currentTree | +-- source-map@0.1.43
182 silly currentTree | `-- uglify-js@2.2.5
182 silly currentTree +-- type-is@1.6.15
182 silly currentTree +-- uglify-js@2.8.29
182 silly currentTree | `-- source-map@0.5.7
182 silly currentTree +-- uglify-to-browserify@1.0.2
182 silly currentTree +-- unpipe@1.0.0
182 silly currentTree +-- utils-merge@1.0.0
182 silly currentTree +-- vary@1.1.2
182 silly currentTree +-- void-elements@2.0.1
182 silly currentTree +-- window-size@0.1.0
182 silly currentTree +-- with@4.0.3
182 silly currentTree | `-- acorn@1.2.2
182 silly currentTree +-- wordwrap@0.0.3
182 silly currentTree `-- yargs@3.10.0
183 silly idealTree pushbutton-bot@0.0.0
183 silly idealTree +-- accepts@1.3.4
183 silly idealTree +-- acorn-globals@1.0.9
183 silly idealTree +-- acorn@2.7.0
183 silly idealTree +-- align-text@0.1.4
183 silly idealTree +-- amdefine@1.0.1
183 silly idealTree +-- array-flatten@1.1.1
183 silly idealTree +-- asap@1.0.0
183 silly idealTree +-- basic-auth@2.0.0
183 silly idealTree +-- bindings@1.3.0
183 silly idealTree +-- body-parser@1.18.2
183 silly idealTree +-- bytes@3.0.0
183 silly idealTree +-- camelcase@1.2.1
183 silly idealTree +-- center-align@0.1.3
183 silly idealTree +-- character-parser@1.2.1
183 silly idealTree +-- clean-css@3.4.28
183 silly idealTree | `-- commander@2.8.1
183 silly idealTree +-- cliui@2.1.0
183 silly idealTree | `-- wordwrap@0.0.2
183 silly idealTree +-- commander@2.6.0
183 silly idealTree +-- constantinople@3.0.2
183 silly idealTree +-- content-disposition@0.5.2
183 silly idealTree +-- content-type@1.0.4
183 silly idealTree +-- cookie-parser@1.4.3
183 silly idealTree +-- cookie-signature@1.0.6
183 silly idealTree +-- cookie@0.3.1
183 silly idealTree +-- cors@2.8.4
183 silly idealTree +-- css-parse@1.0.4
183 silly idealTree +-- css-stringify@1.0.5
183 silly idealTree +-- css@1.0.8
183 silly idealTree +-- debug@2.6.9
183 silly idealTree +-- decamelize@1.2.0
183 silly idealTree +-- depd@1.1.2
183 silly idealTree +-- destroy@1.0.4
183 silly idealTree +-- dotenv@5.0.0
183 silly idealTree +-- ee-first@1.1.1
183 silly idealTree +-- encodeurl@1.0.2
183 silly idealTree +-- epoll@1.0.2
183 silly idealTree +-- escape-html@1.0.3
183 silly idealTree +-- etag@1.8.1
183 silly idealTree +-- express@4.15.5
183 silly idealTree | +-- qs@6.5.0
183 silly idealTree | `-- statuses@1.3.1
183 silly idealTree +-- finalhandler@1.0.6
183 silly idealTree | `-- statuses@1.3.1
183 silly idealTree +-- forwarded@0.1.2
183 silly idealTree +-- fresh@0.5.2
183 silly idealTree +-- graceful-readlink@1.0.1
183 silly idealTree +-- http-errors@1.6.2
183 silly idealTree | `-- depd@1.1.1
183 silly idealTree +-- iconv-lite@0.4.19
183 silly idealTree +-- inherits@2.0.3
183 silly idealTree +-- ipaddr.js@1.4.0
183 silly idealTree +-- is-buffer@1.1.6
183 silly idealTree +-- is-promise@2.1.0
183 silly idealTree +-- jade@1.11.0
183 silly idealTree +-- jstransformer@0.0.2
183 silly idealTree +-- kind-of@3.2.2
183 silly idealTree +-- lazy-cache@1.0.4
183 silly idealTree +-- longest@1.0.1
183 silly idealTree +-- media-typer@0.3.0
183 silly idealTree +-- merge-descriptors@1.0.1
183 silly idealTree +-- methods@1.1.2
183 silly idealTree +-- mime-db@1.30.0
183 silly idealTree +-- mime-types@2.1.17
183 silly idealTree +-- mime@1.3.4
183 silly idealTree +-- minimist@0.0.8
183 silly idealTree +-- mkdirp@0.5.1
183 silly idealTree +-- morgan@1.9.0
183 silly idealTree +-- ms@2.0.0
183 silly idealTree +-- nan@2.8.0
183 silly idealTree +-- negotiator@0.6.1
183 silly idealTree +-- object-assign@4.1.1
183 silly idealTree +-- on-finished@2.3.0
183 silly idealTree +-- on-headers@1.0.1
183 silly idealTree +-- onoff@1.1.9
183 silly idealTree +-- optimist@0.3.7
183 silly idealTree +-- parseurl@1.3.2
183 silly idealTree +-- path-to-regexp@0.1.7
183 silly idealTree +-- promise@6.1.0
183 silly idealTree +-- proxy-addr@1.1.5
183 silly idealTree +-- qs@6.5.1
183 silly idealTree +-- range-parser@1.2.0
183 silly idealTree +-- raw-body@2.3.2
183 silly idealTree +-- repeat-string@1.6.1
183 silly idealTree +-- right-align@0.1.3
183 silly idealTree +-- safe-buffer@5.1.1
183 silly idealTree +-- send@0.15.6
183 silly idealTree | `-- statuses@1.3.1
183 silly idealTree +-- serve-favicon@2.4.5
183 silly idealTree +-- serve-static@1.12.6
183 silly idealTree +-- setprototypeof@1.0.3
183 silly idealTree +-- source-map@0.4.4
183 silly idealTree +-- statuses@1.4.0
183 silly idealTree +-- transformers@2.1.0
183 silly idealTree | +-- is-promise@1.0.1
183 silly idealTree | +-- promise@2.0.0
183 silly idealTree | +-- source-map@0.1.43
183 silly idealTree | `-- uglify-js@2.2.5
183 silly idealTree +-- type-is@1.6.15
183 silly idealTree +-- uglify-js@2.8.29
183 silly idealTree | `-- source-map@0.5.7
183 silly idealTree +-- uglify-to-browserify@1.0.2
183 silly idealTree +-- unpipe@1.0.0
183 silly idealTree +-- utils-merge@1.0.0
183 silly idealTree +-- vary@1.1.2
183 silly idealTree +-- void-elements@2.0.1
183 silly idealTree +-- window-size@0.1.0
183 silly idealTree +-- with@4.0.3
183 silly idealTree | `-- acorn@1.2.2
183 silly idealTree +-- wordwrap@0.0.3
183 silly idealTree `-- yargs@3.10.0
184 silly generateActionsToTake Starting
185 silly install generateActionsToTake
186 silly generateActionsToTake Finishing
187 silly diffTrees action count 4
188 silly diffTrees add bindings@1.3.0
189 silly diffTrees add nan@2.8.0
190 silly diffTrees add epoll@1.0.2
191 silly diffTrees add onoff@1.1.9
192 silly decomposeActions action count 32
193 silly decomposeActions fetch bindings@1.3.0
194 silly decomposeActions extract bindings@1.3.0
195 silly decomposeActions test bindings@1.3.0
196 silly decomposeActions preinstall bindings@1.3.0
197 silly decomposeActions build bindings@1.3.0
198 silly decomposeActions install bindings@1.3.0
199 silly decomposeActions postinstall bindings@1.3.0
200 silly decomposeActions finalize bindings@1.3.0
201 silly decomposeActions fetch nan@2.8.0
202 silly decomposeActions extract nan@2.8.0
203 silly decomposeActions test nan@2.8.0
204 silly decomposeActions preinstall nan@2.8.0
205 silly decomposeActions build nan@2.8.0
206 silly decomposeActions install nan@2.8.0
207 silly decomposeActions postinstall nan@2.8.0
208 silly decomposeActions finalize nan@2.8.0
209 silly decomposeActions fetch epoll@1.0.2
210 silly decomposeActions extract epoll@1.0.2
211 silly decomposeActions test epoll@1.0.2
212 silly decomposeActions preinstall epoll@1.0.2
213 silly decomposeActions build epoll@1.0.2
214 silly decomposeActions install epoll@1.0.2
215 silly decomposeActions postinstall epoll@1.0.2
216 silly decomposeActions finalize epoll@1.0.2
217 silly decomposeActions fetch onoff@1.1.9
218 silly decomposeActions extract onoff@1.1.9
219 silly decomposeActions test onoff@1.1.9
220 silly decomposeActions preinstall onoff@1.1.9
221 silly decomposeActions build onoff@1.1.9
222 silly decomposeActions install onoff@1.1.9
223 silly decomposeActions postinstall onoff@1.1.9
224 silly decomposeActions finalize onoff@1.1.9
225 silly runTopLevelLifecycles Starting
226 silly executeActions Starting
227 silly install executeActions
228 silly doSerial global-install 0
229 silly doParallel fetch 4
230 verbose correctMkdir C:\Users\hansa\AppData\Roaming\npm-cache\_locks correctMkdir not in flight; initializing
231 verbose lock using C:\Users\hansa\AppData\Roaming\npm-cache\_locks\staging-10e4e521c6194101.lock for C:\Users\hansa\WebstormProjects\hunterwebsite\pushButton_bot\node_modules\.staging
232 silly doParallel extract 4
233 silly extract bindings@1.3.0
234 silly extract nan@2.8.0
235 silly extract epoll@1.0.2
236 silly extract onoff@1.1.9
237 verbose unbuild node_modules\.staging\bindings-a6586595
238 verbose unbuild node_modules\.staging\nan-e6409534
239 verbose unbuild node_modules\.staging\epoll-c9dc84f7
240 verbose unbuild node_modules\.staging\onoff-29222ca5
241 silly gentlyRm C:\Users\hansa\WebstormProjects\hunterwebsite\pushButton_bot\node_modules\.staging\bindings-a6586595 is being purged from base C:\Users\hansa\WebstormProjects\hunterwebsite\pushButton_bot
242 verbose gentlyRm don't care about contents; nuking C:\Users\hansa\WebstormProjects\hunterwebsite\pushButton_bot\node_modules\.staging\bindings-a6586595
243 silly gentlyRm C:\Users\hansa\WebstormProjects\hunterwebsite\pushButton_bot\node_modules\.staging\nan-e6409534 is being purged from base C:\Users\hansa\WebstormProjects\hunterwebsite\pushButton_bot
244 verbose gentlyRm don't care about contents; nuking C:\Users\hansa\WebstormProjects\hunterwebsite\pushButton_bot\node_modules\.staging\nan-e6409534
245 silly gentlyRm C:\Users\hansa\WebstormProjects\hunterwebsite\pushButton_bot\node_modules\.staging\epoll-c9dc84f7 is being purged from base C:\Users\hansa\WebstormProjects\hunterwebsite\pushButton_bot
246 verbose gentlyRm don't care about contents; nuking C:\Users\hansa\WebstormProjects\hunterwebsite\pushButton_bot\node_modules\.staging\epoll-c9dc84f7
247 silly gentlyRm C:\Users\hansa\WebstormProjects\hunterwebsite\pushButton_bot\node_modules\.staging\onoff-29222ca5 is being purged from base C:\Users\hansa\WebstormProjects\hunterwebsite\pushButton_bot
248 verbose gentlyRm don't care about contents; nuking C:\Users\hansa\WebstormProjects\hunterwebsite\pushButton_bot\node_modules\.staging\onoff-29222ca5
249 verbose tar unpack C:\Users\hansa\AppData\Roaming\npm-cache\bindings\1.3.0\package.tgz
250 verbose tar unpacking to C:\Users\hansa\WebstormProjects\hunterwebsite\pushButton_bot\node_modules\.staging\bindings-a6586595
251 silly gentlyRm C:\Users\hansa\WebstormProjects\hunterwebsite\pushButton_bot\node_modules\.staging\bindings-a6586595 is being purged
252 verbose gentlyRm don't care about contents; nuking C:\Users\hansa\WebstormProjects\hunterwebsite\pushButton_bot\node_modules\.staging\bindings-a6586595
253 verbose tar unpack C:\Users\hansa\AppData\Roaming\npm-cache\nan\2.8.0\package.tgz
254 verbose tar unpacking to C:\Users\hansa\WebstormProjects\hunterwebsite\pushButton_bot\node_modules\.staging\nan-e6409534
255 silly gentlyRm C:\Users\hansa\WebstormProjects\hunterwebsite\pushButton_bot\node_modules\.staging\nan-e6409534 is being purged
256 verbose gentlyRm don't care about contents; nuking C:\Users\hansa\WebstormProjects\hunterwebsite\pushButton_bot\node_modules\.staging\nan-e6409534
257 verbose tar unpack C:\Users\hansa\AppData\Roaming\npm-cache\epoll\1.0.2\package.tgz
258 verbose tar unpacking to C:\Users\hansa\WebstormProjects\hunterwebsite\pushButton_bot\node_modules\.staging\epoll-c9dc84f7
259 silly gentlyRm C:\Users\hansa\WebstormProjects\hunterwebsite\pushButton_bot\node_modules\.staging\epoll-c9dc84f7 is being purged
260 verbose gentlyRm don't care about contents; nuking C:\Users\hansa\WebstormProjects\hunterwebsite\pushButton_bot\node_modules\.staging\epoll-c9dc84f7
261 verbose tar unpack C:\Users\hansa\AppData\Roaming\npm-cache\onoff\1.1.9\package.tgz
262 verbose tar unpacking to C:\Users\hansa\WebstormProjects\hunterwebsite\pushButton_bot\node_modules\.staging\onoff-29222ca5
263 silly gentlyRm C:\Users\hansa\WebstormProjects\hunterwebsite\pushButton_bot\node_modules\.staging\onoff-29222ca5 is being purged
264 verbose gentlyRm don't care about contents; nuking C:\Users\hansa\WebstormProjects\hunterwebsite\pushButton_bot\node_modules\.staging\onoff-29222ca5
265 silly gunzTarPerm modes [ '777', '666' ]
266 silly gunzTarPerm modes [ '777', '666' ]
267 silly gunzTarPerm modes [ '777', '666' ]
268 silly gunzTarPerm modes [ '777', '666' ]
269 silly gunzTarPerm extractEntry package.json
270 silly gunzTarPerm modified mode [ 'package.json', 420, 438 ]
271 silly gunzTarPerm extractEntry package.json
272 silly gunzTarPerm modified mode [ 'package.json', 436, 438 ]
273 silly gunzTarPerm extractEntry package.json
274 silly gunzTarPerm modified mode [ 'package.json', 436, 438 ]
275 silly gunzTarPerm extractEntry package.json
276 silly gunzTarPerm modified mode [ 'package.json', 436, 438 ]
277 silly gunzTarPerm extractEntry README.md
278 silly gunzTarPerm modified mode [ 'README.md', 420, 438 ]
279 silly gunzTarPerm extractEntry bindings.js
280 silly gunzTarPerm modified mode [ 'bindings.js', 420, 438 ]
281 silly gunzTarPerm extractEntry README.md
282 silly gunzTarPerm modified mode [ 'README.md', 436, 438 ]
283 silly gunzTarPerm extractEntry History.md
284 silly gunzTarPerm modified mode [ 'History.md', 436, 438 ]
285 silly gunzTarPerm extractEntry LICENSE
286 silly gunzTarPerm modified mode [ 'LICENSE', 436, 438 ]
287 silly gunzTarPerm extractEntry binding.gyp
288 silly gunzTarPerm modified mode [ 'binding.gyp', 436, 438 ]
289 silly gunzTarPerm extractEntry epoll.js
290 silly gunzTarPerm modified mode [ 'epoll.js', 436, 438 ]
291 silly gunzTarPerm extractEntry include_dirs.js
292 silly gunzTarPerm modified mode [ 'include_dirs.js', 436, 438 ]
293 silly gunzTarPerm extractEntry onoff.js
294 silly gunzTarPerm modified mode [ 'onoff.js', 436, 438 ]
295 silly gunzTarPerm extractEntry History.md
296 silly gunzTarPerm modified mode [ 'History.md', 436, 438 ]
297 silly gunzTarPerm extractEntry LICENSE
298 silly gunzTarPerm modified mode [ 'LICENSE', 436, 438 ]
299 silly gunzTarPerm extractEntry nan_converters_43_inl.h
300 silly gunzTarPerm modified mode [ 'nan_converters_43_inl.h', 436, 438 ]
301 silly gunzTarPerm extractEntry LICENSE.md
302 silly gunzTarPerm modified mode [ 'LICENSE.md', 436, 438 ]
303 silly gunzTarPerm extractEntry doc/new.md
304 silly gunzTarPerm modified mode [ 'doc/new.md', 436, 438 ]
305 silly gunzTarPerm extractEntry README.md
306 silly gunzTarPerm modified mode [ 'README.md', 436, 438 ]
307 silly gunzTarPerm extractEntry doc/asyncworker.md
308 silly gunzTarPerm modified mode [ 'doc/asyncworker.md', 436, 438 ]
309 silly gunzTarPerm extractEntry examples/blink-led-async.js
310 silly gunzTarPerm modified mode [ 'examples/blink-led-async.js', 436, 438 ]
311 silly gunzTarPerm extractEntry examples/blink-led.js
312 silly gunzTarPerm modified mode [ 'examples/blink-led.js', 436, 438 ]
313 silly gunzTarPerm extractEntry README.md
314 silly gunzTarPerm modified mode [ 'README.md', 436, 438 ]
315 silly gunzTarPerm extractEntry example/interrupts-per-second/export
316 silly gunzTarPerm modified mode [ 'example/interrupts-per-second/export', 509, 511 ]
317 silly gunzTarPerm extractEntry example/interrupts-per-second/interrupts-per-second.js
318 silly gunzTarPerm modified mode [ 'example/interrupts-per-second/interrupts-per-second.js',
318 silly gunzTarPerm   436,
318 silly gunzTarPerm   438 ]
319 silly gunzTarPerm extractEntry example/interrupts-per-second/unexport
320 silly gunzTarPerm modified mode [ 'example/interrupts-per-second/unexport', 509, 511 ]
321 silly gunzTarPerm extractEntry example/watch-button/export
322 silly gunzTarPerm modified mode [ 'example/watch-button/export', 509, 511 ]
323 silly gunzTarPerm extractEntry example/watch-button/unexport
324 silly gunzTarPerm modified mode [ 'example/watch-button/unexport', 509, 511 ]
325 silly gunzTarPerm extractEntry example/watch-button/watch-button.js
326 silly gunzTarPerm modified mode [ 'example/watch-button/watch-button.js', 436, 438 ]
327 silly gunzTarPerm extractEntry src/epoll.cc
328 silly gunzTarPerm modified mode [ 'src/epoll.cc', 436, 438 ]
329 silly gunzTarPerm extractEntry src/epoll.h
330 silly gunzTarPerm modified mode [ 'src/epoll.h', 436, 438 ]
331 silly gunzTarPerm extractEntry test/brute-force-leak-check.js
332 silly gunzTarPerm modified mode [ 'test/brute-force-leak-check.js', 436, 438 ]
333 silly gunzTarPerm extractEntry test/closed.js
334 silly gunzTarPerm modified mode [ 'test/closed.js', 436, 438 ]
335 silly gunzTarPerm extractEntry test/do-almost-nothing.js
336 silly gunzTarPerm modified mode [ 'test/do-almost-nothing.js', 436, 438 ]
337 silly gunzTarPerm extractEntry test/do-nothing.js
338 silly gunzTarPerm modified mode [ 'test/do-nothing.js', 436, 438 ]
339 silly gunzTarPerm extractEntry test/no-gc-allowed.js
340 silly gunzTarPerm modified mode [ 'test/no-gc-allowed.js', 436, 438 ]
341 silly gunzTarPerm extractEntry test/one-shot.js
342 silly gunzTarPerm modified mode [ 'test/one-shot.js', 436, 438 ]
343 silly gunzTarPerm extractEntry test/performance-check.js
344 silly gunzTarPerm modified mode [ 'test/performance-check.js', 436, 438 ]
345 silly gunzTarPerm extractEntry test/run-tests
346 silly gunzTarPerm modified mode [ 'test/run-tests', 509, 511 ]
347 silly gunzTarPerm extractEntry test/two-shot.js
348 silly gunzTarPerm modified mode [ 'test/two-shot.js', 436, 438 ]
349 silly gunzTarPerm extractEntry test/util.js
350 silly gunzTarPerm modified mode [ 'test/util.js', 436, 438 ]
351 silly gunzTarPerm extractEntry test/verify-events.js
352 silly gunzTarPerm modified mode [ 'test/verify-events.js', 436, 438 ]
353 silly gunzTarPerm extractEntry doc/callback.md
354 silly gunzTarPerm modified mode [ 'doc/callback.md', 436, 438 ]
355 silly gunzTarPerm extractEntry doc/converters.md
356 silly gunzTarPerm modified mode [ 'doc/converters.md', 436, 438 ]
357 silly gunzTarPerm extractEntry examples/light-switch.js
358 silly gunzTarPerm modified mode [ 'examples/light-switch.js', 436, 438 ]
359 silly gunzTarPerm extractEntry examples/light-switch.png
360 silly gunzTarPerm modified mode [ 'examples/light-switch.png', 436, 438 ]
361 silly gunzTarPerm extractEntry doc/errors.md
362 silly gunzTarPerm modified mode [ 'doc/errors.md', 436, 438 ]
363 silly gunzTarPerm extractEntry doc/json.md
364 silly gunzTarPerm modified mode [ 'doc/json.md', 436, 438 ]
365 silly gunzTarPerm extractEntry doc/maybe_types.md
366 silly gunzTarPerm modified mode [ 'doc/maybe_types.md', 436, 438 ]
367 silly gunzTarPerm extractEntry doc/methods.md
368 silly gunzTarPerm modified mode [ 'doc/methods.md', 436, 438 ]
369 silly gentlyRm C:\Users\hansa\WebstormProjects\hunterwebsite\pushButton_bot\node_modules\.staging\bindings-a6586595\node_modules is being purged
370 verbose gentlyRm don't care about contents; nuking C:\Users\hansa\WebstormProjects\hunterwebsite\pushButton_bot\node_modules\.staging\bindings-a6586595\node_modules
371 silly gunzTarPerm extractEntry doc/buffers.md
372 silly gunzTarPerm modified mode [ 'doc/buffers.md', 436, 438 ]
373 silly gunzTarPerm extractEntry doc/node_misc.md
374 silly gunzTarPerm modified mode [ 'doc/node_misc.md', 436, 438 ]
375 silly gunzTarPerm extractEntry examples/mygpio-overlay.dts
376 silly gunzTarPerm modified mode [ 'examples/mygpio-overlay.dts', 436, 438 ]
377 silly gunzTarPerm extractEntry doc/object_wrappers.md
378 silly gunzTarPerm modified mode [ 'doc/object_wrappers.md', 436, 438 ]
379 silly gunzTarPerm extractEntry doc/persistent.md
380 silly gunzTarPerm modified mode [ 'doc/persistent.md', 436, 438 ]
381 silly gunzTarPerm extractEntry examples/run-examples
382 silly gunzTarPerm modified mode [ 'examples/run-examples', 509, 511 ]
383 silly gunzTarPerm extractEntry examples/wait-for-interrupt.js
384 silly gunzTarPerm modified mode [ 'examples/wait-for-interrupt.js', 436, 438 ]
385 silly gunzTarPerm extractEntry doc/scopes.md
386 silly gunzTarPerm modified mode [ 'doc/scopes.md', 436, 438 ]
387 silly gunzTarPerm extractEntry doc/script.md
388 silly gunzTarPerm modified mode [ 'doc/script.md', 436, 438 ]
389 silly gunzTarPerm extractEntry test/blink-led.js
390 silly gunzTarPerm modified mode [ 'test/blink-led.js', 436, 438 ]
391 silly gunzTarPerm extractEntry test/configure-and-check-active-low.js
392 silly gunzTarPerm modified mode [ 'test/configure-and-check-active-low.js', 436, 438 ]
393 silly gunzTarPerm extractEntry doc/string_bytes.md
394 silly gunzTarPerm modified mode [ 'doc/string_bytes.md', 436, 438 ]
395 silly gunzTarPerm extractEntry doc/v8_internals.md
396 silly gunzTarPerm modified mode [ 'doc/v8_internals.md', 436, 438 ]
397 silly gunzTarPerm extractEntry test/configure-and-check-input.js
398 silly gunzTarPerm modified mode [ 'test/configure-and-check-input.js', 436, 438 ]
399 silly gunzTarPerm extractEntry test/configure-and-check-output.js
400 silly gunzTarPerm modified mode [ 'test/configure-and-check-output.js', 436, 438 ]
401 silly gunzTarPerm extractEntry test/export-many-times.js
402 silly gunzTarPerm modified mode [ 'test/export-many-times.js', 436, 438 ]
403 silly gunzTarPerm extractEntry test/many-interrupts.js
404 silly gunzTarPerm modified mode [ 'test/many-interrupts.js', 436, 438 ]
405 silly gunzTarPerm extractEntry test/performance-async.js
406 silly gunzTarPerm modified mode [ 'test/performance-async.js', 436, 438 ]
407 silly gunzTarPerm extractEntry test/performance-interrupt.js
408 silly gunzTarPerm modified mode [ 'test/performance-interrupt.js', 436, 438 ]
409 silly gunzTarPerm extractEntry test/performance-sync.js
410 silly gunzTarPerm modified mode [ 'test/performance-sync.js', 436, 438 ]
411 silly gunzTarPerm extractEntry doc/v8_misc.md
412 silly gunzTarPerm modified mode [ 'doc/v8_misc.md', 436, 438 ]
413 silly gunzTarPerm extractEntry nan.h
414 silly gunzTarPerm modified mode [ 'nan.h', 436, 438 ]
415 silly gunzTarPerm extractEntry test/run-tests
416 silly gunzTarPerm modified mode [ 'test/run-tests', 509, 511 ]
417 silly gunzTarPerm extractEntry test/wait-for-interrupt.js
418 silly gunzTarPerm modified mode [ 'test/wait-for-interrupt.js', 436, 438 ]
419 silly gunzTarPerm extractEntry test/wait-for-many-interrupts.js
420 silly gunzTarPerm modified mode [ 'test/wait-for-many-interrupts.js', 436, 438 ]
421 silly gunzTarPerm extractEntry nan_callbacks.h
422 silly gunzTarPerm modified mode [ 'nan_callbacks.h', 436, 438 ]
423 silly gunzTarPerm extractEntry nan_callbacks_12_inl.h
424 silly gunzTarPerm modified mode [ 'nan_callbacks_12_inl.h', 436, 438 ]
425 silly gunzTarPerm extractEntry nan_callbacks_pre_12_inl.h
426 silly gunzTarPerm modified mode [ 'nan_callbacks_pre_12_inl.h', 436, 438 ]
427 silly gunzTarPerm extractEntry nan_converters.h
428 silly gunzTarPerm modified mode [ 'nan_converters.h', 436, 438 ]
429 silly gunzTarPerm extractEntry nan_converters_pre_43_inl.h
430 silly gunzTarPerm modified mode [ 'nan_converters_pre_43_inl.h', 436, 438 ]
431 silly gunzTarPerm extractEntry nan_implementation_12_inl.h
432 silly gunzTarPerm modified mode [ 'nan_implementation_12_inl.h', 436, 438 ]
433 silly gunzTarPerm extractEntry nan_implementation_pre_12_inl.h
434 silly gunzTarPerm modified mode [ 'nan_implementation_pre_12_inl.h', 436, 438 ]
435 silly gunzTarPerm extractEntry nan_json.h
436 silly gunzTarPerm modified mode [ 'nan_json.h', 436, 438 ]
437 silly gunzTarPerm extractEntry nan_maybe_43_inl.h
438 silly gunzTarPerm modified mode [ 'nan_maybe_43_inl.h', 436, 438 ]
439 silly gunzTarPerm extractEntry nan_maybe_pre_43_inl.h
440 silly gunzTarPerm modified mode [ 'nan_maybe_pre_43_inl.h', 436, 438 ]
441 silly gunzTarPerm extractEntry nan_new.h
442 silly gunzTarPerm modified mode [ 'nan_new.h', 436, 438 ]
443 silly gunzTarPerm extractEntry nan_object_wrap.h
444 silly gunzTarPerm modified mode [ 'nan_object_wrap.h', 436, 438 ]
445 silly gunzTarPerm extractEntry nan_persistent_12_inl.h
446 silly gunzTarPerm modified mode [ 'nan_persistent_12_inl.h', 436, 438 ]
447 silly gunzTarPerm extractEntry nan_persistent_pre_12_inl.h
448 silly gunzTarPerm modified mode [ 'nan_persistent_pre_12_inl.h', 436, 438 ]
449 silly gunzTarPerm extractEntry nan_private.h
450 silly gunzTarPerm modified mode [ 'nan_private.h', 436, 438 ]
451 silly gunzTarPerm extractEntry nan_string_bytes.h
452 silly gunzTarPerm modified mode [ 'nan_string_bytes.h', 436, 438 ]
453 silly gunzTarPerm extractEntry nan_typedarray_contents.h
454 silly gunzTarPerm modified mode [ 'nan_typedarray_contents.h', 436, 438 ]
455 silly gunzTarPerm extractEntry nan_weak.h
456 silly gunzTarPerm modified mode [ 'nan_weak.h', 436, 438 ]
457 silly gunzTarPerm extractEntry CHANGELOG.md
458 silly gunzTarPerm modified mode [ 'CHANGELOG.md', 436, 438 ]
459 silly gunzTarPerm extractEntry tools/package.json
460 silly gunzTarPerm modified mode [ 'tools/package.json', 436, 438 ]
461 silly gunzTarPerm extractEntry tools/README.md
462 silly gunzTarPerm modified mode [ 'tools/README.md', 436, 438 ]
463 silly gunzTarPerm extractEntry tools/1to2.js
464 silly gunzTarPerm modified mode [ 'tools/1to2.js', 509, 511 ]
465 silly gentlyRm C:\Users\hansa\WebstormProjects\hunterwebsite\pushButton_bot\node_modules\.staging\epoll-c9dc84f7\node_modules is being purged
466 verbose gentlyRm don't care about contents; nuking C:\Users\hansa\WebstormProjects\hunterwebsite\pushButton_bot\node_modules\.staging\epoll-c9dc84f7\node_modules
467 silly gentlyRm C:\Users\hansa\WebstormProjects\hunterwebsite\pushButton_bot\node_modules\.staging\onoff-29222ca5\node_modules is being purged
468 verbose gentlyRm don't care about contents; nuking C:\Users\hansa\WebstormProjects\hunterwebsite\pushButton_bot\node_modules\.staging\onoff-29222ca5\node_modules
469 silly gentlyRm C:\Users\hansa\WebstormProjects\hunterwebsite\pushButton_bot\node_modules\.staging\nan-e6409534\node_modules is being purged
470 verbose gentlyRm don't care about contents; nuking C:\Users\hansa\WebstormProjects\hunterwebsite\pushButton_bot\node_modules\.staging\nan-e6409534\node_modules
471 silly doParallel preinstall 4
472 silly preinstall bindings@1.3.0 C:\Users\hansa\WebstormProjects\hunterwebsite\pushButton_bot\node_modules\.staging\bindings-a6586595
473 info lifecycle bindings@1.3.0~preinstall: bindings@1.3.0
474 silly preinstall nan@2.8.0 C:\Users\hansa\WebstormProjects\hunterwebsite\pushButton_bot\node_modules\.staging\nan-e6409534
475 info lifecycle nan@2.8.0~preinstall: nan@2.8.0
476 silly preinstall epoll@1.0.2 C:\Users\hansa\WebstormProjects\hunterwebsite\pushButton_bot\node_modules\.staging\epoll-c9dc84f7
477 info lifecycle epoll@1.0.2~preinstall: epoll@1.0.2
478 silly preinstall onoff@1.1.9 C:\Users\hansa\WebstormProjects\hunterwebsite\pushButton_bot\node_modules\.staging\onoff-29222ca5
479 info lifecycle onoff@1.1.9~preinstall: onoff@1.1.9
480 silly lifecycle bindings@1.3.0~preinstall: no script for preinstall, continuing
481 silly lifecycle nan@2.8.0~preinstall: no script for preinstall, continuing
482 silly lifecycle epoll@1.0.2~preinstall: no script for preinstall, continuing
483 silly lifecycle onoff@1.1.9~preinstall: no script for preinstall, continuing
484 silly doReverseSerial remove 0
485 silly doSerial move 0
486 silly doSerial finalize 4
487 silly finalize C:\Users\hansa\WebstormProjects\hunterwebsite\pushButton_bot\node_modules\bindings
488 silly finalize C:\Users\hansa\WebstormProjects\hunterwebsite\pushButton_bot\node_modules\nan
489 silly finalize C:\Users\hansa\WebstormProjects\hunterwebsite\pushButton_bot\node_modules\epoll
490 silly finalize C:\Users\hansa\WebstormProjects\hunterwebsite\pushButton_bot\node_modules\onoff
491 silly doSerial build 4
492 silly build bindings@1.3.0
493 info linkStuff bindings@1.3.0
494 silly linkStuff bindings@1.3.0 has C:\Users\hansa\WebstormProjects\hunterwebsite\pushButton_bot\node_modules as its parent node_modules
495 verbose linkBins bindings@1.3.0
496 verbose linkMans bindings@1.3.0
497 silly build nan@2.8.0
498 info linkStuff nan@2.8.0
499 silly linkStuff nan@2.8.0 has C:\Users\hansa\WebstormProjects\hunterwebsite\pushButton_bot\node_modules as its parent node_modules
500 verbose linkBins nan@2.8.0
501 verbose linkMans nan@2.8.0
502 silly build epoll@1.0.2
503 info linkStuff epoll@1.0.2
504 silly linkStuff epoll@1.0.2 has C:\Users\hansa\WebstormProjects\hunterwebsite\pushButton_bot\node_modules as its parent node_modules
505 verbose linkBins epoll@1.0.2
506 verbose linkMans epoll@1.0.2
507 silly build onoff@1.1.9
508 info linkStuff onoff@1.1.9
509 silly linkStuff onoff@1.1.9 has C:\Users\hansa\WebstormProjects\hunterwebsite\pushButton_bot\node_modules as its parent node_modules
510 verbose linkBins onoff@1.1.9
511 verbose linkMans onoff@1.1.9
512 silly doSerial global-link 0
513 silly doParallel update-linked 0
514 silly doSerial install 4
515 silly install bindings@1.3.0 C:\Users\hansa\WebstormProjects\hunterwebsite\pushButton_bot\node_modules\.staging\bindings-a6586595
516 info lifecycle bindings@1.3.0~install: bindings@1.3.0
517 silly lifecycle bindings@1.3.0~install: no script for install, continuing
518 silly install nan@2.8.0 C:\Users\hansa\WebstormProjects\hunterwebsite\pushButton_bot\node_modules\.staging\nan-e6409534
519 info lifecycle nan@2.8.0~install: nan@2.8.0
520 silly lifecycle nan@2.8.0~install: no script for install, continuing
521 silly install epoll@1.0.2 C:\Users\hansa\WebstormProjects\hunterwebsite\pushButton_bot\node_modules\.staging\epoll-c9dc84f7
522 info lifecycle epoll@1.0.2~install: epoll@1.0.2
523 verbose lifecycle epoll@1.0.2~install: unsafe-perm in lifecycle true
524 verbose lifecycle epoll@1.0.2~install: PATH: C:\Program Files\nodejs\node_modules\npm\bin\node-gyp-bin;C:\Users\hansa\WebstormProjects\hunterwebsite\pushButton_bot\node_modules\epoll\node_modules\.bin;C:\Users\hansa\WebstormProjects\hunterwebsite\pushButton_bot\node_modules\.bin;C:\Program Files\cmder\bin;C:\Program Files\cmder\vendor\conemu-maximus5\ConEmu\Scripts;C:\Program Files\cmder\vendor\conemu-maximus5;C:\Program Files\cmder\vendor\conemu-maximus5\ConEmu;C:\Program Files (x86)\Intel\iCLS Client\;C:\Program Files (x86)\PHP\v5.6;C:\WINDOWS\system32\inetsrv;C:\ProgramData\Oracle\Java\javapath;C:\Program Files\Intel\iCLS Client\;C:\WINDOWS\system32;C:\WINDOWS;C:\WINDOWS\System32\Wbem;C:\WINDOWS\System32\WindowsPowerShell\v1.0\;C:\Program Files\Git\cmd;C:\Program Files\nodejs\;C:\Program Files (x86)\Brackets\command;C:\Program Files\Microsoft\Web Platform Installer\;C:\Users\hansa\AppData\Local\Microsoft\WindowsApps;C:\Users\hansa\Downloads\PSTools\;C:\Users\hansa\AppData\Roaming\npm;C:\Users\hansa\AppData\Local\Google\Cloud SDK\google-cloud-sdk\bin;C:\Users\hansa\AppData\Local\GitHubDeskt;C:\Program Files\Intel\WiFi\bin\;C:\Program Files\Common Files\Intel\WirelessCommon\;C:\HashiCorp\Vagrant\bin;C:\WINDOWS\system32;C:\WINDOWS;C:\WINDOWS\System32\Wbem;C:\WINDOWS\System32\WindowsPowerShell\v1.0\;C:\Program Files (x86)\Intel\Intel(R) Management Engine Components\DAL;C:\Program Files\Intel\Intel(R) Management Engine Components\DAL;C:\Program Files (x86)\Intel\Intel(R) Management Engine Components\IPT;C:\Program Files\Intel\Intel(R) Management Engine Components\IPT;C:\Program Files\Microsoft SQL Server\Client SDK\ODBC\130\Tools\Binn\;C:\Program Files (x86)\Microsoft SQL Server\140\Tools\Binn\;C:\Program Files\Microsoft SQL Server\140\Tools\Binn\;C:\Program Files\Microsoft SQL Server\140\DTS\Binn\;C:\Program Files (x86)\Microsoft SQL Server\Client SDK\ODBC\130\Tools\Binn\;C:\Program Files (x86)\Microsoft SQL Server\140\DTS\Binn\;C:\Program Files (x86)\Microsoft SQL Server\140\Tools\Binn\ManagementStudio\;C:\Users\hansa\AppData\Local\Microsoft\WindowsApps;C:\Program Files\Intel\WiFi\bin\;C:\Program Files\Common Files\Intel\WirelessCommon\;C:\Users\hansa\Downloads\PSTools\;C:\Users\hansa\AppData\Roaming\npm;C:\Program Files (x86)\Nmap;C:\Users\hansa\AppData\Local\Microsoft\WindowsApps;C:\Program Files\Git\usr\bin;C:\Program Files\Git\usr\share\vim\vim74;C:\Program Files\cmder\
525 verbose lifecycle epoll@1.0.2~install: CWD: C:\Users\hansa\WebstormProjects\hunterwebsite\pushButton_bot\node_modules\epoll
526 silly lifecycle epoll@1.0.2~install: Args: [ '/d /s /c', 'node-gyp rebuild' ]
527 silly lifecycle epoll@1.0.2~install: Returned: code: 1  signal: null
528 info lifecycle epoll@1.0.2~install: Failed to exec install script
529 verbose unlock done using C:\Users\hansa\AppData\Roaming\npm-cache\_locks\staging-10e4e521c6194101.lock for C:\Users\hansa\WebstormProjects\hunterwebsite\pushButton_bot\node_modules\.staging
530 silly rollbackFailedOptional Starting
531 silly rollbackFailedOptional Finishing
532 silly runTopLevelLifecycles Finishing
533 silly install printInstalled
534 verbose stack Error: epoll@1.0.2 install: `node-gyp rebuild`
534 verbose stack Exit status 1
534 verbose stack     at EventEmitter.<anonymous> (C:\Program Files\nodejs\node_modules\npm\lib\utils\lifecycle.js:255:16)
534 verbose stack     at emitTwo (events.js:106:13)
534 verbose stack     at EventEmitter.emit (events.js:191:7)
534 verbose stack     at ChildProcess.<anonymous> (C:\Program Files\nodejs\node_modules\npm\lib\utils\spawn.js:40:14)
534 verbose stack     at emitTwo (events.js:106:13)
534 verbose stack     at ChildProcess.emit (events.js:191:7)
534 verbose stack     at maybeClose (internal/child_process.js:877:16)
534 verbose stack     at Process.ChildProcess._handle.onexit (internal/child_process.js:226:5)
535 verbose pkgid epoll@1.0.2
536 verbose cwd C:\Users\hansa\WebstormProjects\hunterwebsite\pushButton_bot
537 error Windows_NT 10.0.16299
538 error argv "C:\\Program Files\\nodejs\\node.exe" "C:\\Program Files\\nodejs\\node_modules\\npm\\bin\\npm-cli.js" "install" "onoff" "--save"
539 error node v6.10.0
540 error npm  v3.10.10
541 error code ELIFECYCLE
542 error epoll@1.0.2 install: `node-gyp rebuild`
542 error Exit status 1
543 error Failed at the epoll@1.0.2 install script 'node-gyp rebuild'.
543 error Make sure you have the latest version of node.js and npm installed.
543 error If you do, this is most likely a problem with the epoll package,
543 error not with npm itself.
543 error Tell the author that this fails on your system:
543 error     node-gyp rebuild
543 error You can get information on how to open an issue for this project with:
543 error     npm bugs epoll
543 error Or if that isn't available, you can get their info via:
543 error     npm owner ls epoll
543 error There is likely additional logging output above.
544 verbose exit [ 1, true ]
